============================= test session starts ==============================
platform darwin -- Python 3.11.14, pytest-9.0.2, pluggy-1.6.0
rootdir: /Users/frnkhrz/Peak_Trade
configfile: pytest.ini
plugins: anyio-4.12.0, cov-7.0.0
collected 127 items

tests/backtest/test_obl_b07_bollinger_event_only_semantic_contract_v1.py . [  0%]
.........                                                                [  7%]
tests/backtest/test_strategy_signal_suitability_agreement_adapter_v1.py . [  8%]
.....                                                                    [ 12%]
tests/trading/master_v2/test_double_play_sole_authority_quarantine_v1.py . [ 13%]
........                                                                 [ 19%]
tests/trading/master_v2/test_double_play_composition_matrix_v1.py ...... [ 24%]
.....................                                                    [ 40%]
tests/backtest/test_mv2_composition_directional_asymmetry_wiring_repair_v1.py . [ 41%]
............                                                             [ 51%]
tests/governance/test_canonical_order_intent_v1.py ..................... [ 67%]
.........................................                                [100%]

============================= 127 passed in 0.89s ==============================
