============================= test session starts ==============================
platform darwin -- Python 3.11.14, pytest-9.0.2, pluggy-1.6.0
rootdir: /Users/frnkhrz/.peak_trade_worktrees/o4-canonical-public-md-and-ohlcv-transport-reconciliation-v1
configfile: pytest.ini
plugins: anyio-4.12.0, cov-7.0.0
collected 17 items

tests/ops/test_canonical_public_md_and_ohlcv_transport_reconciliation_v1.py . [  5%]
.............                                                            [ 82%]
tests/ops/test_okx_selected_instrument_ohlcv_readmodel_v1.py ...         [100%]

============================== 17 passed in 0.12s ==============================
