============================= test session starts ==============================
platform darwin -- Python 3.11.14, pytest-9.0.2, pluggy-1.6.0
rootdir: /Users/frnkhrz/Peak_Trade
configfile: pytest.ini
plugins: anyio-4.12.0, cov-7.0.0
collected 106 items / 1 skipped

tests/ci/test_cybersecurity_baseline_action_ref_and_permissions_visibility_contract_v0.py . [  0%]
.....                                                                    [  5%]
tests/ci/test_workflow_write_permissions_visibility_contract_v0.py ..... [ 10%]
...                                                                      [ 13%]
tests/ci/test_credential_hygiene_redaction_unification_v1.py ........... [ 23%]
.......                                                                  [ 30%]
tests/ci/test_secret_scanning_push_protection_governance_v1.py ......... [ 38%]
...                                                                      [ 41%]
tests/execution/live/test_safety_rails.py ............                   [ 52%]
tests/governance/test_live_mode_gate.py .........................        [ 76%]
tests/data/shadow/test_guards.py ..........                              [ 85%]
tests/ops/test_run_testnet_session_entrypoint_fail_closed_contract_v0.py . [ 86%]
..............                                                           [100%]

======================= 106 passed, 1 skipped in 39.15s ========================
