============================= test session starts ==============================
platform darwin -- Python 3.11.14, pytest-9.0.2, pluggy-1.6.0
rootdir: /Users/frnkhrz/Peak_Trade
configfile: pytest.ini
plugins: anyio-4.12.0, cov-7.0.0
collected 9 items

tests/p36/test_tarball_v1.py ....                                        [ 44%]
tests/ops/test_test_health_runner.py ....                                [ 88%]
tests/experiments/test_experiment_identity_manifest_v1.py .              [100%]

============================== 9 passed in 0.55s ===============================
