============================= test session starts ==============================
platform darwin -- Python 3.11.14, pytest-9.0.2, pluggy-1.6.0
rootdir: /Users/frnkhrz/Peak_Trade
configfile: pytest.ini
plugins: anyio-4.12.0, cov-7.0.0
collected 308 items

tests/data/shadow/test_guards.py ..........                              [  3%]
tests/ops/test_okx_futures_shadow_no_order_entrypoint_v0.py ...........  [  6%]
tests/ops/test_run_testnet_session_entrypoint_fail_closed_contract_v0.py . [  7%]
..............                                                           [ 11%]
tests/ops/test_capability_11_owner_auth_artifact_testnet_credential_scope_private_network_v1.py . [ 12%]
........                                                                 [ 14%]
tests/ops/test_capability_11_2_credential_authorization_and_account_identity_boundary_v1.py . [ 14%]
...........                                                              [ 18%]
tests/ops/test_aws_shadow_paper_testnet_okx_europe_compatibility_contract_v0.py . [ 18%]
.................................                                        [ 29%]
tests/ops/test_phase_9_2_restart_recovery_session_contract_and_productive_harness_v1.py . [ 29%]
                                                                         [ 29%]
tests/governance/test_live_mode_gate.py .........................        [ 37%]
tests/governance/test_wp0c_enforce_gate.py .............                 [ 42%]
tests/execution/live/test_safety_rails.py ............                   [ 46%]
tests/test_live_gates.py ...........................                     [ 54%]
tests/test_environment_and_safety.py ................................... [ 66%]
......................                                                   [ 73%]
tests/ops/test_runtime_lane_taxonomy_authority_levels_contract_v0.py ... [ 74%]
.................................................                        [ 90%]
tests/ops/test_section_11_12_8_okx_eea_demo_xperp_venue_host_account_instrument_binding_v1.py . [ 90%]
........                                                                 [ 93%]
tests/ops/test_master_v2_runtime_governance_boundary_contract_static_v0.py . [ 93%]
....................                                                     [100%]

=============================== warnings summary ===============================
src/live/safety.py:95
  /Users/frnkhrz/Peak_Trade/src/live/safety.py:95: PytestCollectionWarning: cannot collect test class 'TestnetDryRunOnlyError' because it has a __init__ constructor (from: tests/test_environment_and_safety.py)
    class TestnetDryRunOnlyError(SafetyBlockedError):

src/orders/exchange.py:86
  /Users/frnkhrz/Peak_Trade/src/orders/exchange.py:86: PytestCollectionWarning: cannot collect test class 'TestnetOrderExecutor' because it has a __init__ constructor (from: tests/test_environment_and_safety.py)
    class TestnetOrderExecutor:

-- Docs: https://docs.pytest.org/en/stable/how-to/capture-warnings.html
======================= 308 passed, 2 warnings in 3.18s ========================
