============================= test session starts ==============================
platform darwin -- Python 3.9.6, pytest-8.4.2, pluggy-1.6.0
rootdir: /Users/frnkhrz/Peak_Trade
configfile: pytest.ini
plugins: anyio-4.12.0, cov-7.0.0
collected 125 items

tests/strategies/test_ehlers_bouchaud_research_safety_closeout_v1.py ... [  2%]
...................                                                      [ 17%]
tests/test_ehlers_lopez_strategies.py ........                           [ 24%]
tests/test_bouchaud_gatheral_cont_strategies.py .........                [ 31%]
tests/governance/test_rd_strategy_status_grammar_v0.py ................. [ 44%]
............                                                             [ 54%]
tests/test_r_and_d_strategy_gating.py ..................                 [ 68%]
tests/test_research_strategies.py ...................................... [ 99%]
.                                                                        [100%]

============================= 125 passed in 1.06s ==============================
