============================= test session starts ==============================
platform darwin -- Python 3.9.6, pytest-8.4.2, pluggy-1.6.0
rootdir: /Users/frnkhrz/Peak_Trade
configfile: pytest.ini
plugins: anyio-4.12.0, cov-7.0.0
collected 230 items

tests/trading/master_v2/test_chop_scope_event_policy_binding_contract_v1.py . [  0%]
........                                                                 [  3%]
tests/trading/master_v2/test_double_play_state.py ...............        [ 10%]
tests/trading/master_v2/test_double_play_sole_authority_quarantine_v1.py . [ 10%]
........                                                                 [ 14%]
tests/trading/master_v2/test_double_play_composition_matrix_v1.py ...... [ 16%]
.....................                                                    [ 26%]
tests/trading/master_v2/test_deterministic_scope_event_generator_v1.py . [ 26%]
...................................................                      [ 48%]
tests/trading/master_v2/test_canonical_dynamic_scope_trailing_state_continuity_v1.py . [ 49%]
.......                                                                  [ 52%]
tests/trading/master_v2/test_offline_governance_tick_harness_v0.py ..... [ 54%]
.................                                                        [ 61%]
tests/trading/master_v2/test_bull_bear_state_switch_scenario_replay_binding_parity_rewire_contract_v0.py . [ 62%]
.............s                                                           [ 68%]
tests/trading/master_v2/test_integrated_vs_scenario_replay_full_system_parity_contract_suite_v0.py . [ 68%]
                                                                         [ 68%]
tests/trading/master_v2/test_double_play_composition_scenario_matrix_parity_contract_v0.py . [ 69%]
......                                                                   [ 71%]
tests/trading/master_v2/test_double_play_pure_stack_contract.py .        [ 72%]
tests/trading/master_v2/test_integrated_offline_trading_logic_replay_v1.py . [ 72%]
............................                                             [ 84%]
tests/backtest/test_backtest_engine_position_feedback_v1.py ............ [ 90%]
...                                                                      [ 91%]
tests/research/test_double_play_composition_narrow_reuse_first_rewire_v0.py . [ 91%]
.....                                                                    [ 93%]
tests/ops/test_ops_double_play_authority_markers_static_contract_v0.py . [ 94%]
............                                                             [ 99%]
tests/trading/master_v2/test_scenario_replay_double_play_entry_exit_policy_binding_parity_rewire_contract_v0.py . [100%]

======================= 229 passed, 1 skipped in 27.37s ========================
---PR_BOUNDED_FULL---

-- Docs: https://docs.pytest.org/en/stable/how-to/capture-warnings.html
======================= 716 passed, 5 warnings in 45.51s =======================
TIMING_WALLCLOCK_SECONDS=46
TARGET_MAX_SECONDS=840 HARD_STOP_SECONDS=900

=== PR_BOUNDED_FULL TIMING ===
tests/ci/test_ci_testowner_runtime_budget_reporting_contract_v0.py:534
  /Users/frnkhrz/Peak_Trade/tests/ci/test_ci_testowner_runtime_budget_reporting_contract_v0.py:534: PytestCollectionWarning: cannot collect test class 'TestownerBudgetInventoryRow' because it has a __init__ constructor (from: tests/ci/test_ci_testowner_runtime_budget_reporting_contract_v0.py)
    @_frozen_reporting_dataclass(frozen=True, slots=True)

-- Docs: https://docs.pytest.org/en/stable/how-to/capture-warnings.html
======================= 716 passed, 5 warnings in 45.51s =======================
TIMING_WALLCLOCK_SECONDS=46
TARGET_MAX_SECONDS=840 HARD_STOP_SECONDS=900
