============================= test session starts ==============================
platform darwin -- Python 3.9.6, pytest-8.4.2, pluggy-1.6.0
rootdir: /Users/frnkhrz/Peak_Trade
configfile: pytest.ini
plugins: anyio-4.12.0, cov-7.0.0
collected 749 items

tests/ci/test_ci_diff_aware_test_selection_v1.py ....................... [  3%]
........................................................................ [ 12%]
........................................................................ [ 22%]
........................................................................ [ 31%]
........................................................................ [ 41%]
........................................................................ [ 51%]
........................................................................ [ 60%]
.............                                                            [ 62%]
tests/ci/test_ci_static_contract_narrow_code_filter_contract_v0.py ..... [ 63%]
............................................................             [ 71%]
tests/ci/test_ci_testowner_runtime_budget_reporting_contract_v0.py ..... [ 71%]
...........................................................              [ 79%]
tests/ci/test_pr_head_sha_required_checks_liveness_guard.py ..........   [ 81%]
tests/ci/test_required_checks_config.py ....                             [ 81%]
tests/ci/test_required_checks_hygiene.py ............                    [ 83%]
tests/ci/test_workflows_no_pull_request_target_contract_v0.py .........  [ 84%]
tests/test_data_contracts.py .................                           [ 86%]
tests/test_error_taxonomy.py ..............................              [ 90%]
tests/test_resilience.py .............................                   [ 94%]
tests/test_stability_smoke.py ........                                   [ 95%]
tests/research/test_bollinger_mr_midband_exit_reentry_cooldown_holdout_preregistration_v1.py . [ 95%]
.....                                                                    [ 96%]
tests/research/test_bollinger_mr_midband_exit_reentry_cooldown_holdout_evaluation_v1.py . [ 96%]
................                                                         [ 98%]
tests/research/test_canonical_open_mr_exit_efficiency_hypothesis_backlog_v1.py . [ 98%]
.........                                                                [100%]

=============================== warnings summary ===============================
tests/ci/test_ci_testowner_runtime_budget_reporting_contract_v0.py:49
  /Users/frnkhrz/Peak_Trade/tests/ci/test_ci_testowner_runtime_budget_reporting_contract_v0.py:49: PytestCollectionWarning: cannot collect test class 'TestLayer' because it has a __new__ constructor (from: tests/ci/test_ci_testowner_runtime_budget_reporting_contract_v0.py)
    class TestLayer(StrEnum):

tests/ci/test_ci_testowner_runtime_budget_reporting_contract_v0.py:209
  /Users/frnkhrz/Peak_Trade/tests/ci/test_ci_testowner_runtime_budget_reporting_contract_v0.py:209: PytestCollectionWarning: cannot collect test class 'TestownerRuntimeEvidence' because it has a __init__ constructor (from: tests/ci/test_ci_testowner_runtime_budget_reporting_contract_v0.py)
    @_frozen_reporting_dataclass(frozen=True, slots=True)

tests/ci/test_ci_testowner_runtime_budget_reporting_contract_v0.py:217
  /Users/frnkhrz/Peak_Trade/tests/ci/test_ci_testowner_runtime_budget_reporting_contract_v0.py:217: PytestCollectionWarning: cannot collect test class 'TestownerRuntimeReport' because it has a __init__ constructor (from: tests/ci/test_ci_testowner_runtime_budget_reporting_contract_v0.py)
    @_frozen_reporting_dataclass(frozen=True, slots=True)

tests/ci/test_ci_testowner_runtime_budget_reporting_contract_v0.py:431
  /Users/frnkhrz/Peak_Trade/tests/ci/test_ci_testowner_runtime_budget_reporting_contract_v0.py:431: PytestCollectionWarning: cannot collect test class 'TestownerCategoryProvenanceReport' because it has a __init__ constructor (from: tests/ci/test_ci_testowner_runtime_budget_reporting_contract_v0.py)
    @_frozen_reporting_dataclass(frozen=True, slots=True)

tests/ci/test_ci_testowner_runtime_budget_reporting_contract_v0.py:534
  /Users/frnkhrz/Peak_Trade/tests/ci/test_ci_testowner_runtime_budget_reporting_contract_v0.py:534: PytestCollectionWarning: cannot collect test class 'TestownerBudgetInventoryRow' because it has a __init__ constructor (from: tests/ci/test_ci_testowner_runtime_budget_reporting_contract_v0.py)
    @_frozen_reporting_dataclass(frozen=True, slots=True)

-- Docs: https://docs.pytest.org/en/stable/how-to/capture-warnings.html
======================= 749 passed, 5 warnings in 47.56s =======================
