============================= test session starts ==============================
platform darwin -- Python 3.11.14, pytest-9.0.2, pluggy-1.6.0
rootdir: /Users/frnkhrz/Peak_Trade
configfile: pytest.ini
plugins: anyio-4.12.0, cov-7.0.0
collected 759 items

tests/ci/test_ci_diff_aware_test_selection_v1.py ....................... [  3%]
........................................................................ [ 12%]
........................................................................ [ 22%]
........................................................................ [ 31%]
........................................................................ [ 40%]
........................................................................ [ 50%]
........................................................................ [ 59%]
.................                                                        [ 62%]
tests/ci/test_ci_static_contract_narrow_code_filter_contract_v0.py ..... [ 62%]
............................................................             [ 70%]
tests/ci/test_ci_testowner_runtime_budget_reporting_contract_v0.py ..... [ 71%]
...........................................................              [ 79%]
tests/ci/test_pr_head_sha_required_checks_liveness_guard.py ..........   [ 80%]
tests/ci/test_required_checks_config.py ....                             [ 81%]
tests/ci/test_required_checks_hygiene.py ............                    [ 82%]
tests/ci/test_workflows_no_pull_request_target_contract_v0.py .........  [ 83%]
tests/test_data_contracts.py .................                           [ 86%]
tests/test_error_taxonomy.py ..............................              [ 89%]
tests/test_resilience.py .............................                   [ 93%]
tests/test_stability_smoke.py ........                                   [ 94%]
tests/webui/test_market_dashboard_phase_1b_design_system_assets_v1.py .. [ 95%]
......                                                                   [ 95%]
tests/webui/test_market_dashboard_phase_1a_layout_header_v1.py .......   [ 96%]
tests/webui/test_chartjs_vendor_fallback_wiring_contract_v0.py ....s.... [ 98%]
                                                                         [ 98%]
tests/webui/test_market_dashboard_readonly_structure_contract_v0.py .    [ 98%]
tests/test_market_surface_api.py ............                            [ 99%]
tests/test_r_and_d_api.py ..                                             [100%]

=============================== warnings summary ===============================
tests/ci/test_ci_testowner_runtime_budget_reporting_contract_v0.py:49
  /Users/frnkhrz/Peak_Trade/tests/ci/test_ci_testowner_runtime_budget_reporting_contract_v0.py:49: PytestCollectionWarning: cannot collect test class 'TestLayer' because it has a __init__ constructor (from: tests/ci/test_ci_testowner_runtime_budget_reporting_contract_v0.py)
    class TestLayer(StrEnum):

tests/ci/test_ci_testowner_runtime_budget_reporting_contract_v0.py:209
  /Users/frnkhrz/Peak_Trade/tests/ci/test_ci_testowner_runtime_budget_reporting_contract_v0.py:209: PytestCollectionWarning: cannot collect test class 'TestownerRuntimeEvidence' because it has a __init__ constructor (from: tests/ci/test_ci_testowner_runtime_budget_reporting_contract_v0.py)
    @_frozen_reporting_dataclass(frozen=True, slots=True)

tests/ci/test_ci_testowner_runtime_budget_reporting_contract_v0.py:217
  /Users/frnkhrz/Peak_Trade/tests/ci/test_ci_testowner_runtime_budget_reporting_contract_v0.py:217: PytestCollectionWarning: cannot collect test class 'TestownerRuntimeReport' because it has a __init__ constructor (from: tests/ci/test_ci_testowner_runtime_budget_reporting_contract_v0.py)
    @_frozen_reporting_dataclass(frozen=True, slots=True)

tests/ci/test_ci_testowner_runtime_budget_reporting_contract_v0.py:431
  /Users/frnkhrz/Peak_Trade/tests/ci/test_ci_testowner_runtime_budget_reporting_contract_v0.py:431: PytestCollectionWarning: cannot collect test class 'TestownerCategoryProvenanceReport' because it has a __init__ constructor (from: tests/ci/test_ci_testowner_runtime_budget_reporting_contract_v0.py)
    @_frozen_reporting_dataclass(frozen=True, slots=True)

tests/ci/test_ci_testowner_runtime_budget_reporting_contract_v0.py:534
  /Users/frnkhrz/Peak_Trade/tests/ci/test_ci_testowner_runtime_budget_reporting_contract_v0.py:534: PytestCollectionWarning: cannot collect test class 'TestownerBudgetInventoryRow' because it has a __init__ constructor (from: tests/ci/test_ci_testowner_runtime_budget_reporting_contract_v0.py)
    @_frozen_reporting_dataclass(frozen=True, slots=True)

-- Docs: https://docs.pytest.org/en/stable/how-to/capture-warnings.html
================= 758 passed, 1 skipped, 5 warnings in 39.01s ==================
