=== OBL_B06 + related Bollinger / binding / TF ratification ===
============================= test session starts ==============================
platform darwin -- Python 3.11.14, pytest-9.0.2, pluggy-1.6.0
rootdir: /Users/frnkhrz/Peak_Trade
configfile: pytest.ini
plugins: anyio-4.12.0, cov-7.0.0
collected 51 items

tests/backtest/test_obl_b06_bollinger_strategy_semantic_ratification_v1.py . [  1%]
....                                                                     [  9%]
tests/backtest/test_obl_b05_bollinger_long_semantic_decision_v1.py ..... [ 19%]
.                                                                        [ 21%]
tests/backtest/test_obl_b05_bollinger_entry_side_doc_alignment_v1.py ... [ 27%]
...                                                                      [ 33%]
tests/backtest/test_strategy_signal_suitability_agreement_adapter_v1.py . [ 35%]
.....                                                                    [ 45%]
tests/backtest/test_trend_following_entry_side_ratification_v1.py ...... [ 56%]
.....                                                                    [ 66%]
tests/backtest/test_entry_exit_optional_side_carrier_contract_v1.py .... [ 74%]
.............                                                            [100%]

============================== 51 passed in 8.03s ==============================
PYTEST_EXIT=0
