============================= test session starts ==============================
platform darwin -- Python 3.9.6, pytest-8.4.2, pluggy-1.6.0
rootdir: /Users/frnkhrz/.peak_trade_worktrees/o6-runtime-health-recovery-and-failure-injection-closure-v1
configfile: pytest.ini
plugins: anyio-4.12.0, cov-7.0.0
collected 10 items

tests/ops/test_runtime_health_recovery_and_failure_injection_closure_v1.py . [ 10%]
.........                                                                [100%]

============================== 10 passed in 0.19s ==============================
