============================= test session starts ==============================
platform darwin -- Python 3.11.14, pytest-9.0.2, pluggy-1.6.0
rootdir: /Users/frnkhrz/Peak_Trade
configfile: pytest.ini
plugins: anyio-4.12.0, cov-7.0.0
collected 32 items

tests/trading/master_v2/test_canonical_replay_input_builder_ssot_contract_v1.py . [  3%]
.....                                                                    [ 18%]
tests/trading/master_v2/test_canonical_architecture_drift_guard_v1.py .. [ 25%]
........                                                                 [ 50%]
tests/trading/master_v2/test_runtime_backtest_parity_and_legacy_boundary_closeout_v1.py . [ 53%]
...............                                                          [100%]

============================= 32 passed in 33.49s ==============================
