============================= test session starts ==============================
platform darwin -- Python 3.11.14, pytest-9.0.2, pluggy-1.6.0
rootdir: /Users/frnkhrz/Peak_Trade
configfile: pytest.ini
plugins: anyio-4.12.0, cov-7.0.0
collected 176 items

tests/ci/test_credential_hygiene_redaction_unification_v1.py ........... [  6%]
.......                                                                  [ 10%]
tests/ci/test_secret_scanning_push_protection_governance_v1.py ......... [ 15%]
...                                                                      [ 17%]
tests/governance/policy_critic/test_auto_apply_gate.py ..............    [ 25%]
tests/governance/test_okx_audit_authority_ssot_v1.py .......             [ 28%]
tests/ops/test_bounded_futures_private_readonly_contract_v0.py ......... [ 34%]
......                                                                   [ 37%]
tests/ops/test_aws_shadow_paper_testnet_okx_europe_compatibility_contract_v0.py . [ 38%]
.................................                                        [ 56%]
tests/ops/test_order_capability_demo_instrument_rules_binding_contract_v1.py . [ 57%]
............................                                             [ 73%]
tests/ops/test_gap4_req_b_shadow_b07_b08_adapter_parity_contract_v0.py . [ 73%]
                                                                         [ 73%]
tests/ops/test_run_testnet_session_entrypoint_fail_closed_contract_v0.py . [ 74%]
..............                                                           [ 82%]
tests/ops/test_okx_futures_shadow_no_order_entrypoint_v0.py ...........  [ 88%]
tests/data/shadow/test_guards.py ..........                              [ 94%]
tests/ops/test_capability_11_owner_auth_artifact_testnet_credential_scope_private_network_v1.py . [ 94%]
........                                                                 [ 99%]
tests/ops/test_phase_9_2_restart_recovery_session_contract_and_productive_harness_v1.py . [100%]

============================= 176 passed in 39.11s =============================
