============================= test session starts ==============================
platform darwin -- Python 3.11.14, pytest-9.0.2, pluggy-1.6.0
rootdir: /Users/frnkhrz/Peak_Trade
configfile: pytest.ini
plugins: anyio-4.12.0, cov-7.0.0
collected 805 items

tests/ci/test_ci_diff_aware_test_selection_v1.py ....................... [  2%]
........................................................................ [ 11%]
........................................................................ [ 20%]
........................................................................ [ 29%]
........................................................................ [ 38%]
........................................................................ [ 47%]
........................................................................ [ 56%]
.................                                                        [ 58%]
tests/ci/test_ci_static_contract_narrow_code_filter_contract_v0.py ..... [ 59%]
............................................................             [ 66%]
tests/ci/test_ci_testowner_runtime_budget_reporting_contract_v0.py ..... [ 67%]
...........................................................              [ 74%]
tests/ci/test_pr_head_sha_required_checks_liveness_guard.py ..........   [ 75%]
tests/ci/test_required_checks_config.py ....                             [ 76%]
tests/ci/test_required_checks_hygiene.py ............                    [ 77%]
tests/ci/test_workflows_no_pull_request_target_contract_v0.py .........  [ 79%]
tests/test_data_contracts.py .................                           [ 81%]
tests/test_error_taxonomy.py ..............................              [ 84%]
tests/test_resilience.py .............................                   [ 88%]
tests/test_stability_smoke.py ........                                   [ 89%]
tests/webui/test_market_dashboard_readmodels_v1.py ..................... [ 92%]
.........                                                                [ 93%]
tests/webui/test_market_dashboard_adapters_v1.py ...............         [ 95%]
tests/webui/test_market_dashboard_adapters_v1_static_guards.py .......   [ 95%]
tests/webui/test_market_dashboard_readmodels_v1_static_guards.py ....... [ 96%]
                                                                         [ 96%]
tests/webui/test_market_dashboard_product_surface_pr_d_v1.py ........... [ 98%]
......                                                                   [ 98%]
tests/webui/test_market_architecture_reset_shell_pr_a_v1.py .........    [100%]

=============================== warnings summary ===============================
tests/ci/test_ci_testowner_runtime_budget_reporting_contract_v0.py:49
  /Users/frnkhrz/Peak_Trade/tests/ci/test_ci_testowner_runtime_budget_reporting_contract_v0.py:49: PytestCollectionWarning: cannot collect test class 'TestLayer' because it has a __init__ constructor (from: tests/ci/test_ci_testowner_runtime_budget_reporting_contract_v0.py)
    class TestLayer(StrEnum):

tests/ci/test_ci_testowner_runtime_budget_reporting_contract_v0.py:209
  /Users/frnkhrz/Peak_Trade/tests/ci/test_ci_testowner_runtime_budget_reporting_contract_v0.py:209: PytestCollectionWarning: cannot collect test class 'TestownerRuntimeEvidence' because it has a __init__ constructor (from: tests/ci/test_ci_testowner_runtime_budget_reporting_contract_v0.py)
    @_frozen_reporting_dataclass(frozen=True, slots=True)

tests/ci/test_ci_testowner_runtime_budget_reporting_contract_v0.py:217
  /Users/frnkhrz/Peak_Trade/tests/ci/test_ci_testowner_runtime_budget_reporting_contract_v0.py:217: PytestCollectionWarning: cannot collect test class 'TestownerRuntimeReport' because it has a __init__ constructor (from: tests/ci/test_ci_testowner_runtime_budget_reporting_contract_v0.py)
    @_frozen_reporting_dataclass(frozen=True, slots=True)

tests/ci/test_ci_testowner_runtime_budget_reporting_contract_v0.py:431
  /Users/frnkhrz/Peak_Trade/tests/ci/test_ci_testowner_runtime_budget_reporting_contract_v0.py:431: PytestCollectionWarning: cannot collect test class 'TestownerCategoryProvenanceReport' because it has a __init__ constructor (from: tests/ci/test_ci_testowner_runtime_budget_reporting_contract_v0.py)
    @_frozen_reporting_dataclass(frozen=True, slots=True)

tests/ci/test_ci_testowner_runtime_budget_reporting_contract_v0.py:534
  /Users/frnkhrz/Peak_Trade/tests/ci/test_ci_testowner_runtime_budget_reporting_contract_v0.py:534: PytestCollectionWarning: cannot collect test class 'TestownerBudgetInventoryRow' because it has a __init__ constructor (from: tests/ci/test_ci_testowner_runtime_budget_reporting_contract_v0.py)
    @_frozen_reporting_dataclass(frozen=True, slots=True)

-- Docs: https://docs.pytest.org/en/stable/how-to/capture-warnings.html
======================= 805 passed, 5 warnings in 38.04s =======================
