============================= test session starts ==============================
platform darwin -- Python 3.11.14, pytest-9.0.2, pluggy-1.6.0
rootdir: /Users/frnkhrz/Peak_Trade
configfile: pytest.ini
plugins: anyio-4.12.0, cov-7.0.0
collected 157 items

tests/webui/test_market_dashboard_observability_surface_hierarchy_v1.py . [  0%]
....                                                                     [  3%]
tests/webui/test_market_dashboard_decision_surface_hierarchy_v1.py ..... [  6%]
                                                                         [  6%]
tests/webui/test_market_dashboard_landmark_vertical_rhythm_v1.py ...     [  8%]
tests/webui/test_market_dashboard_primary_page_share_dominance_v1.py ... [ 10%]
.                                                                        [ 10%]
tests/webui/test_market_dashboard_browser_policy_chrome_primary_v1.py .. [ 12%]
..                                                                       [ 13%]
tests/webui/test_market_dashboard_responsive_polish_v1.py ............   [ 21%]
tests/webui/test_market_dashboard_readonly_structure_contract_v0.py .... [ 23%]
........................................................................ [ 69%]
....................                                                     [ 82%]
tests/webui/test_market_dashboard_no_bitcoin_futures_v1.py ............. [ 90%]
...............                                                          [100%]

============================= 157 passed in 9.74s ==============================

