============================= test session starts ==============================
platform darwin -- Python 3.11.14, pytest-9.0.2, pluggy-1.6.0
rootdir: /Users/frnkhrz/Peak_Trade
configfile: pytest.ini
plugins: anyio-4.12.0, cov-7.0.0
collected 133 items

tests/trading/master_v2/test_adverse_exit_downscope_priority_v1.py ..... [  3%]
....                                                                     [  6%]
tests/trading/master_v2/test_deterministic_scope_event_generator_v1.py . [  7%]
...................................................                      [ 45%]
tests/trading/master_v2/test_scope_event_generator_scenario_replay_binding_parity_rewire_contract_v0.py . [ 46%]
...........                                                              [ 54%]
tests/backtest/test_mv2_research_scope_distances_instrument_relative_v1.py . [ 55%]
........                                                                 [ 61%]
tests/research/test_scope_adverse_exit_and_reversal_preparation_narrow_reuse_first_rewire_v0.py . [ 62%]
....                                                                     [ 65%]
tests/research/test_adverse_scope_exit_reversal_preparation_narrow_reuse_first_rewire_v0.py . [ 66%]
....                                                                     [ 69%]
tests/research/test_adverse_exit_and_reversal_preparation_backtest_parity_narrow_rewire_v0.py . [ 69%]
...............                                                          [ 81%]
tests/research/test_adverse_exit_and_reversal_preparation_backtest_parity_wiring_assessment_or_narrow_rewire_v0.py . [ 81%]
..........                                                               [ 89%]
tests/research/test_scope_adverse_exit_reversal_backtest_runtime_decision_parity_pass_assertion_surface_only_v0.py . [ 90%]
.............                                                            [100%]

============================= 133 passed in 52.72s =============================
