============================= test session starts ==============================
platform darwin -- Python 3.9.6, pytest-8.4.2, pluggy-1.6.0
rootdir: /Users/frnkhrz/.peak_trade_worktrees/o2-canonical-local-launcher-and-process-supervision-v1
configfile: pytest.ini
plugins: anyio-4.12.0, cov-7.0.0
collected 48 items

tests/ops/test_canonical_local_launcher_and_process_supervision_v1.py .. [  4%]
..............                                                           [ 33%]
tests/ops/test_canonical_runtime_environment_contract_v1.py ............ [ 58%]
....................                                                     [100%]

============================== 48 passed in 6.47s ==============================
EXIT:0
