============================= test session starts ==============================
platform darwin -- Python 3.11.14, pytest-9.0.2, pluggy-1.6.0
rootdir: /Users/frnkhrz/Peak_Trade
configfile: pytest.ini
plugins: anyio-4.12.0, cov-7.0.0
collected 1 item

tests/test_market_surface_api.py .                                       [100%]

============================== 1 passed in 0.65s ===============================

PREEXISTING_FAILURE_CLASSIFICATION
- Sample TestMarketSurfaceJson::test_ohlcv_dummy_ok_shape: PASS
- Full composition suite not executed in baseline sample (deferred to post-reset focused guards)
- No baseline browser console errors expected on static SSR; classify separately if present
