============================= test session starts ==============================
platform darwin -- Python 3.9.6, pytest-8.4.2, pluggy-1.6.0
rootdir: /Users/frnkhrz/.peak_trade_worktrees/o3-secure-confirm-token-family-and-hidden-input-handoff-v1
configfile: pytest.ini
plugins: anyio-4.12.0, cov-7.0.0
collected 20 items

tests/ops/test_secure_confirm_token_family_and_hidden_input_handoff_v1.py . [  5%]
...................                                                      [100%]

============================== 20 passed in 2.17s ==============================
