============================= test session starts ==============================
platform darwin -- Python 3.11.14, pytest-9.0.2, pluggy-1.6.0
rootdir: /Users/frnkhrz/Peak_Trade
configfile: pytest.ini
plugins: anyio-4.12.0, cov-7.0.0
collected 60 items

tests/webui/test_market_dashboard_decision_surface_hierarchy_v1.py ..... [  8%]
                                                                         [  8%]
tests/webui/test_market_dashboard_landmark_vertical_rhythm_v1.py ...     [ 13%]
tests/webui/test_market_dashboard_primary_page_share_dominance_v1.py ... [ 18%]
.                                                                        [ 20%]
tests/webui/test_market_dashboard_browser_policy_chrome_primary_v1.py .. [ 23%]
..                                                                       [ 26%]
tests/webui/test_market_dashboard_no_bitcoin_futures_v1.py ............. [ 48%]
...............                                                          [ 73%]
tests/webui/test_market_dashboard_responsive_polish_v1.py ............   [ 93%]
tests/webui/test_market_dashboard_decision_surface_vertical_compression_v1.py . [ 95%]
...                                                                      [100%]

============================== 60 passed in 2.50s ==============================

