============================= test session starts ==============================
platform darwin -- Python 3.11.14, pytest-9.0.2, pluggy-1.6.0
rootdir: /Users/frnkhrz/Peak_Trade
configfile: pytest.ini
plugins: anyio-4.12.0, cov-7.0.0
collected 78 items

tests/backtest/test_obl_b07_bollinger_event_only_semantic_contract_v1.py . [  1%]
.........                                                                [ 12%]
tests/backtest/test_obl_b06_bollinger_strategy_semantic_ratification_v1.py . [ 14%]
....                                                                     [ 19%]
tests/backtest/test_obl_b05_bollinger_long_semantic_decision_v1.py ..... [ 25%]
.                                                                        [ 26%]
tests/backtest/test_obl_b05_bollinger_entry_side_doc_alignment_v1.py ... [ 30%]
...                                                                      [ 34%]
tests/backtest/test_strategy_signal_suitability_agreement_adapter_v1.py . [ 35%]
.....                                                                    [ 42%]
tests/backtest/test_trend_following_entry_side_ratification_v1.py ...... [ 50%]
.....                                                                    [ 56%]
tests/backtest/test_entry_exit_optional_side_carrier_contract_v1.py .... [ 61%]
.............                                                            [ 78%]
tests/backtest/test_mv2_composition_directional_asymmetry_wiring_repair_v1.py . [ 79%]
............                                                             [ 94%]
tests/backtest/test_read_only_canonical_chain_and_zero_trade_blocker_reaudit_v1.py . [ 96%]
...                                                                      [100%]

============================== 78 passed in 7.86s ==============================
