============================= test session starts ==============================
platform darwin -- Python 3.9.6, pytest-8.4.2, pluggy-1.6.0
rootdir: /Users/frnkhrz/Peak_Trade
configfile: pytest.ini
plugins: anyio-4.12.0, cov-7.0.0
collected 146 items

tests/backtest/test_mv2_research_scope_distances_instrument_relative_v1.py . [  0%]
........                                                                 [  6%]
tests/trading/master_v2/test_adverse_exit_downscope_priority_v1.py ..... [  9%]
....                                                                     [ 12%]
tests/trading/master_v2/test_deterministic_scope_event_generator_v1.py . [ 13%]
...................................................                      [ 47%]
tests/trading/master_v2/test_scope_event_generator_scenario_replay_binding_parity_rewire_contract_v0.py . [ 48%]
...........                                                              [ 56%]
tests/trading/master_v2/test_double_play_state.py ...............        [ 66%]
tests/trading/master_v2/test_double_play_composition_matrix_v1.py ...... [ 70%]
.....................                                                    [ 84%]
tests/trading/master_v2/test_double_play_sole_authority_quarantine_v1.py . [ 85%]
........                                                                 [ 91%]
tests/research/test_entry_position_exit_policy_backtest_parity_wiring_assessment_or_narrow_rewire_v0.py . [ 91%]
............                                                             [100%]

============================= 146 passed in 31.99s =============================

=== DIFF CHECK ===
DIFF_CHECK=PASS
=== SUMMARY ===
146 passed in ~32s
PYTEST_RC=0
