============================= test session starts ==============================
platform darwin -- Python 3.11.14, pytest-9.0.2, pluggy-1.6.0
rootdir: /Users/frnkhrz/Peak_Trade
configfile: pytest.ini
plugins: anyio-4.12.0, cov-7.0.0
collected 69 items

tests/webui/test_market_dashboard_adapters_v1.py ...............         [ 21%]
tests/webui/test_market_dashboard_adapters_v1_static_guards.py .......   [ 31%]
tests/webui/test_market_dashboard_readmodels_v1.py ..................... [ 62%]
.........                                                                [ 75%]
tests/webui/test_market_dashboard_readmodels_v1_static_guards.py ....... [ 85%]
                                                                         [ 85%]
tests/webui/test_market_architecture_reset_shell_pr_a_v1.py ..........   [100%]

============================== 69 passed in 1.25s ==============================
